This file contains any messages produced by compilers while
running configure, to aid debugging if configure makes a mistake.

It was created by PCem configure v10.1, which was
generated by GNU Autoconf 2.65.  Invocation command line was

  $ ./configure 

## --------- ##
## Platform. ##
## --------- ##

hostname = DESKTOP-GNKKH5I
uname -m = x86_64
uname -r = 2.4.1(0.294/5/3)
uname -s = MINGW32_NT-10.0
uname -v = 2016-02-03 10:57

/usr/bin/uname -p = unknown
/bin/uname -X     = unknown

/bin/arch              = x86_64
/usr/bin/arch -k       = unknown
/usr/convex/getsysinfo = unknown
/usr/bin/hostinfo      = unknown
/bin/machine           = unknown
/usr/bin/oslevel       = unknown
/bin/universe          = unknown

PATH: /mingw32/bin
PATH: /usr/local/bin
PATH: /usr/bin
PATH: /bin
PATH: /c/ProgramData/Oracle/Java/javapath
PATH: /c/Program Files (x86)/NVIDIA Corporation/PhysX/Common
PATH: /c/Windows/system32
PATH: /c/Windows
PATH: /c/Windows/System32/Wbem
PATH: /c/Windows/System32/WindowsPowerShell/v1.0
PATH: /vendor/android-sdk/tools
PATH: /c/armgcc/5.2 2015q4/bin
PATH: /c/Users/anson/AppData/Local/Microsoft/WindowsApps
PATH: /c/Program Files (x86)/SDCC/bin
PATH: .
PATH: /usr/bin/site_perl
PATH: /usr/bin/vendor_perl
PATH: /usr/bin/core_perl
PATH: /c/Xilinx/14.7/ISE_DS/ISE/sysgen/bin/nt64
PATH: /c/armgcc/5.2 2015q4/bin
PATH: /c/Program Files (x86)/STMicroelectronics/STM32 ST-LINK Utility/ST-LINK Utility
PATH: /vendor/android-sdk/platform-tools
PATH: /usr/local/gputils/bin


## ----------- ##
## Core tests. ##
## ----------- ##

configure:1948: checking build system type
configure:1962: result: x86_64-pc-mingw32
configure:1982: checking host system type
configure:1995: result: x86_64-pc-mingw32
configure:2032: checking for a BSD-compatible install
configure:2100: result: /usr/bin/install -c
configure:2111: checking whether build environment is sane
configure:2161: result: yes
configure:2189: WARNING: `missing' script is too old or missing
configure:2302: checking for a thread-safe mkdir -p
configure:2341: result: /usr/bin/mkdir -p
configure:2354: checking for gawk
configure:2370: found /usr/bin/gawk
configure:2381: result: gawk
configure:2392: checking whether make sets $(MAKE)
configure:2414: result: yes
configure:2542: checking for gcc
configure:2558: found /mingw32/bin/gcc
configure:2569: result: gcc
configure:2798: checking for C compiler version
configure:2807: gcc --version >&5
gcc.exe (Rev2, Built by MSYS2 project) 5.3.0
Copyright (C) 2015 Free Software Foundation, Inc.
This is free software; see the source for copying conditions.  There is NO
warranty; not even for MERCHANTABILITY or FITNESS FOR A PARTICULAR PURPOSE.

configure:2818: $? = 0
configure:2807: gcc -v >&5
Using built-in specs.
COLLECT_GCC=C:\msys64\mingw32\bin\gcc.exe
COLLECT_LTO_WRAPPER=C:/msys64/mingw32/bin/../lib/gcc/i686-w64-mingw32/5.3.0/lto-wrapper.exe
Target: i686-w64-mingw32
Configured with: ../gcc-5.3.0/configure --prefix=/mingw32 --with-local-prefix=/mingw32/local --build=i686-w64-mingw32 --host=i686-w64-mingw32 --target=i686-w64-mingw32 --with-native-system-header-dir=/mingw32/i686-w64-mingw32/include --libexecdir=/mingw32/lib --with-gxx-include-dir=/mingw32/include/c++/5.3.0 --enable-bootstrap --with-arch=i686 --with-tune=generic --enable-languages=c,lto,c++,objc,obj-c++,fortran,ada --enable-shared --enable-static --enable-libatomic --enable-threads=posix --enable-graphite --enable-fully-dynamic-string --enable-libstdcxx-time=yes --disable-libstdcxx-pch --disable-libstdcxx-debug --enable-version-specific-runtime-libs --disable-isl-version-check --enable-lto --enable-libgomp --disable-multilib --enable-checking=release --disable-rpath --disable-win32-registry --disable-nls --disable-werror --disable-symvers --with-libiconv --with-system-zlib --with-gmp=/mingw32 --with-mpfr=/mingw32 --with-mpc=/mingw32 --with-isl=/mingw32 --with-pkgversion='Rev2, Built by MSYS2 project' --with-bugurl=http://sourceforge.net/projects/msys2 --with-gnu-as --with-gnu-ld --disable-sjlj-exceptions --with-dwarf2
Thread model: posix
gcc version 5.3.0 (Rev2, Built by MSYS2 project) 
configure:2818: $? = 0
configure:2807: gcc -V >&5
gcc.exe: error: unrecognized command line option '-V'
gcc.exe: fatal error: no input files
compilation terminated.
configure:2818: $? = 1
configure:2807: gcc -qversion >&5
gcc.exe: error: unrecognized command line option '-qversion'
gcc.exe: fatal error: no input files
compilation terminated.
configure:2818: $? = 1
configure:2838: checking whether the C compiler works
configure:2860: gcc    conftest.c  >&5
configure:2864: $? = 0
configure:2913: result: yes
configure:2916: checking for C compiler default output file name
configure:2918: result: a.exe
configure:2924: checking for suffix of executables
configure:2931: gcc -o conftest.exe    conftest.c  >&5
configure:2935: $? = 0
configure:2957: result: .exe
configure:2979: checking whether we are cross compiling
configure:2987: gcc -o conftest.exe    conftest.c  >&5
configure:2991: $? = 0
configure:2998: ./conftest.exe
configure:3002: $? = 0
configure:3017: result: no
configure:3022: checking for suffix of object files
configure:3044: gcc -c   conftest.c >&5
configure:3048: $? = 0
configure:3069: result: o
configure:3073: checking whether we are using the GNU C compiler
configure:3092: gcc -c   conftest.c >&5
configure:3092: $? = 0
configure:3101: result: yes
configure:3110: checking whether gcc accepts -g
configure:3130: gcc -c -g  conftest.c >&5
configure:3130: $? = 0
configure:3171: result: yes
configure:3188: checking for gcc option to accept ISO C89
configure:3252: gcc  -c -g -O2  conftest.c >&5
configure:3252: $? = 0
configure:3265: result: none needed
configure:3296: checking for style of include used by make
configure:3324: result: GNU
configure:3349: checking dependency style of gcc
configure:3459: result: none
configure:3532: checking for g++
configure:3548: found /mingw32/bin/g++
configure:3559: result: g++
configure:3586: checking for C++ compiler version
configure:3595: g++ --version >&5
g++.exe (Rev2, Built by MSYS2 project) 5.3.0
Copyright (C) 2015 Free Software Foundation, Inc.
This is free software; see the source for copying conditions.  There is NO
warranty; not even for MERCHANTABILITY or FITNESS FOR A PARTICULAR PURPOSE.

configure:3606: $? = 0
configure:3595: g++ -v >&5
Using built-in specs.
COLLECT_GCC=C:\msys64\mingw32\bin\g++.exe
COLLECT_LTO_WRAPPER=C:/msys64/mingw32/bin/../lib/gcc/i686-w64-mingw32/5.3.0/lto-wrapper.exe
Target: i686-w64-mingw32
Configured with: ../gcc-5.3.0/configure --prefix=/mingw32 --with-local-prefix=/mingw32/local --build=i686-w64-mingw32 --host=i686-w64-mingw32 --target=i686-w64-mingw32 --with-native-system-header-dir=/mingw32/i686-w64-mingw32/include --libexecdir=/mingw32/lib --with-gxx-include-dir=/mingw32/include/c++/5.3.0 --enable-bootstrap --with-arch=i686 --with-tune=generic --enable-languages=c,lto,c++,objc,obj-c++,fortran,ada --enable-shared --enable-static --enable-libatomic --enable-threads=posix --enable-graphite --enable-fully-dynamic-string --enable-libstdcxx-time=yes --disable-libstdcxx-pch --disable-libstdcxx-debug --enable-version-specific-runtime-libs --disable-isl-version-check --enable-lto --enable-libgomp --disable-multilib --enable-checking=release --disable-rpath --disable-win32-registry --disable-nls --disable-werror --disable-symvers --with-libiconv --with-system-zlib --with-gmp=/mingw32 --with-mpfr=/mingw32 --with-mpc=/mingw32 --with-isl=/mingw32 --with-pkgversion='Rev2, Built by MSYS2 project' --with-bugurl=http://sourceforge.net/projects/msys2 --with-gnu-as --with-gnu-ld --disable-sjlj-exceptions --with-dwarf2
Thread model: posix
gcc version 5.3.0 (Rev2, Built by MSYS2 project) 
configure:3606: $? = 0
configure:3595: g++ -V >&5
g++.exe: error: unrecognized command line option '-V'
g++.exe: fatal error: no input files
compilation terminated.
configure:3606: $? = 1
configure:3595: g++ -qversion >&5
g++.exe: error: unrecognized command line option '-qversion'
g++.exe: fatal error: no input files
compilation terminated.
configure:3606: $? = 1
configure:3610: checking whether we are using the GNU C++ compiler
configure:3629: g++ -c   conftest.cpp >&5
configure:3629: $? = 0
configure:3638: result: yes
configure:3647: checking whether g++ accepts -g
configure:3667: g++ -c -g  conftest.cpp >&5
configure:3667: $? = 0
configure:3708: result: yes
configure:3733: checking dependency style of g++
configure:3843: result: none
configure:3859: checking whether gcc and cc understand -c and -o together
configure:3890: gcc -c conftest.c -o conftest2.o >&5
configure:3894: $? = 0
configure:3900: gcc -c conftest.c -o conftest2.o >&5
configure:3904: $? = 0
configure:3915: cc -c conftest.c >&5
configure:3919: $? = 0
configure:3927: cc -c conftest.c -o conftest2.o >&5
configure:3931: $? = 0
configure:3937: cc -c conftest.c -o conftest2.o >&5
configure:3941: $? = 0
configure:3959: result: yes
configure:3987: checking whether to enable debugging
configure:4000: result: no
configure:4004: checking for cpu
configure:4014: result: x86_64
configure:4106: checking for allegro-config
configure:4137: result: no
configure:4146: checking for Allegro - version >= 4.0.0
configure:4269: result: no
configure:4322: error: building PCem requires Allegro to be installed

## ---------------- ##
## Cache variables. ##
## ---------------- ##

ac_cv_build=x86_64-pc-mingw32
ac_cv_c_compiler_gnu=yes
ac_cv_cxx_compiler_gnu=yes
ac_cv_env_CCC_set=
ac_cv_env_CCC_value=
ac_cv_env_CC_set=
ac_cv_env_CC_value=
ac_cv_env_CFLAGS_set=
ac_cv_env_CFLAGS_value=
ac_cv_env_CPPFLAGS_set=
ac_cv_env_CPPFLAGS_value=
ac_cv_env_CXXFLAGS_set=
ac_cv_env_CXXFLAGS_value=
ac_cv_env_CXX_set=
ac_cv_env_CXX_value=
ac_cv_env_LDFLAGS_set=
ac_cv_env_LDFLAGS_value=
ac_cv_env_LIBS_set=
ac_cv_env_LIBS_value=
ac_cv_env_build_alias_set=
ac_cv_env_build_alias_value=
ac_cv_env_host_alias_set=
ac_cv_env_host_alias_value=
ac_cv_env_target_alias_set=
ac_cv_env_target_alias_value=
ac_cv_exeext=.exe
ac_cv_host=x86_64-pc-mingw32
ac_cv_objext=o
ac_cv_path_ALLEGRO_CONFIG=no
ac_cv_path_install='/usr/bin/install -c'
ac_cv_path_mkdir=/usr/bin/mkdir
ac_cv_prog_AWK=gawk
ac_cv_prog_ac_ct_CC=gcc
ac_cv_prog_ac_ct_CXX=g++
ac_cv_prog_cc_c89=
ac_cv_prog_cc_g=yes
ac_cv_prog_cc_gcc_c_o=yes
ac_cv_prog_cxx_g=yes
ac_cv_prog_make_make_set=yes
am_cv_CC_dependencies_compiler_type=none
am_cv_CXX_dependencies_compiler_type=none

## ----------------- ##
## Output variables. ##
## ----------------- ##

ACLOCAL='aclocal-1.11'
ALLEGRO_CONFIG='no'
AMDEPBACKSLASH='\'
AMDEP_FALSE='#'
AMDEP_TRUE=''
AMTAR='tar'
AUTOCONF='autoconf'
AUTOHEADER='autoheader'
AUTOMAKE='automake-1.11'
AWK='gawk'
CC='gcc'
CCDEPMODE='depmode=none'
CFLAGS='-O3'
CPPFLAGS=''
CPU_I386_FALSE=''
CPU_I386_TRUE='#'
CPU_X86_64_FALSE='#'
CPU_X86_64_TRUE=''
CXX='g++'
CXXDEPMODE='depmode=none'
CXXFLAGS='-g -O2'
CYGPATH_W='cygpath -w'
DEFS=''
DEPDIR='.deps'
ECHO_C=''
ECHO_N='-n'
ECHO_T=''
EXEEXT='.exe'
INSTALL_DATA='${INSTALL} -m 644'
INSTALL_PROGRAM='${INSTALL}'
INSTALL_SCRIPT='${INSTALL}'
INSTALL_STRIP_PROGRAM='$(install_sh) -c -s'
LDFLAGS=''
LIBOBJS=''
LIBS=''
LTLIBOBJS=''
MAKEINFO='makeinfo'
MKDIR_P='/usr/bin/mkdir -p'
OBJEXT='o'
OS_LINUX_FALSE=''
OS_LINUX_TRUE='#'
OS_WIN_FALSE=''
OS_WIN_TRUE='#'
PACKAGE='pcem'
PACKAGE_BUGREPORT='Tom Walker <tommowalker@tommowalker.co.uk>'
PACKAGE_NAME='PCem'
PACKAGE_STRING='PCem v10.1'
PACKAGE_TARNAME='pcem'
PACKAGE_URL=''
PACKAGE_VERSION='v10.1'
PATH_SEPARATOR=':'
SET_MAKE=''
SHELL='/bin/sh'
STRIP=''
VERSION='v10.1'
ac_ct_CC='gcc'
ac_ct_CXX='g++'
allegro_CFLAGS=''
allegro_LIBS=''
am__EXEEXT_FALSE=''
am__EXEEXT_TRUE=''
am__fastdepCC_FALSE=''
am__fastdepCC_TRUE='#'
am__fastdepCXX_FALSE=''
am__fastdepCXX_TRUE='#'
am__include='include'
am__isrc=''
am__leading_dot='.'
am__quote=''
am__tar='${AMTAR} chof - "$$tardir"'
am__untar='${AMTAR} xf -'
bindir='${exec_prefix}/bin'
build='x86_64-pc-mingw32'
build_alias=''
build_cpu='x86_64'
build_os='mingw32'
build_vendor='pc'
datadir='${datarootdir}'
datarootdir='${prefix}/share'
docdir='${datarootdir}/doc/${PACKAGE_TARNAME}'
dvidir='${docdir}'
exec_prefix='NONE'
host='x86_64-pc-mingw32'
host_alias=''
host_cpu='x86_64'
host_os='mingw32'
host_vendor='pc'
htmldir='${docdir}'
includedir='${prefix}/include'
infodir='${datarootdir}/info'
install_sh='${SHELL} /home/anson/pcem/install-sh'
libdir='${exec_prefix}/lib'
libexecdir='${exec_prefix}/libexec'
localedir='${datarootdir}/locale'
localstatedir='${prefix}/var'
mandir='${datarootdir}/man'
mkdir_p='/usr/bin/mkdir -p'
oldincludedir='/usr/include'
pdfdir='${docdir}'
prefix='NONE'
program_transform_name='s,x,x,'
psdir='${docdir}'
sbindir='${exec_prefix}/sbin'
sharedstatedir='${prefix}/com'
sysconfdir='${prefix}/etc'
target_alias=''

## ----------- ##
## confdefs.h. ##
## ----------- ##

/* confdefs.h */
#define PACKAGE_NAME "PCem"
#define PACKAGE_TARNAME "pcem"
#define PACKAGE_VERSION "v10.1"
#define PACKAGE_STRING "PCem v10.1"
#define PACKAGE_BUGREPORT "Tom Walker <tommowalker@tommowalker.co.uk>"
#define PACKAGE_URL ""
#define PACKAGE "pcem"
#define VERSION "v10.1"

configure: exit 1
